0 info it worked if it ends with ok
1 verbose cli [ 'C:\\Program Files\\nodejs\\node.exe',
1 verbose cli   'C:\\Program Files\\nodejs\\node_modules\\npm\\bin\\npm-cli.js',
1 verbose cli   'publish' ]
2 info using npm@3.8.9
3 info using node@v6.2.0
4 verbose publish [ '.' ]
5 silly cache add args [ '.', null ]
6 verbose cache add spec .
7 silly cache add parsed spec Result {
7 silly cache add   raw: '.',
7 silly cache add   scope: null,
7 silly cache add   name: null,
7 silly cache add   rawSpec: '.',
7 silly cache add   spec: 'D:\\webFront\\nodejs\\markdown文件转换器',
7 silly cache add   type: 'directory' }
8 verbose addLocalDirectory C:\Users\Zps\AppData\Roaming\npm-cache\zps\0.0.1\package.tgz not in flight; packing
9 verbose correctMkdir C:\Users\Zps\AppData\Roaming\npm-cache correctMkdir not in flight; initializing
10 info lifecycle zps@0.0.1~prepublish: zps@0.0.1
11 silly lifecycle zps@0.0.1~prepublish: no script for prepublish, continuing
12 verbose tar pack [ 'C:\\Users\\Zps\\AppData\\Roaming\\npm-cache\\zps\\0.0.1\\package.tgz',
12 verbose tar pack   'D:\\webFront\\nodejs\\markdown文件转换器' ]
13 verbose tarball C:\Users\Zps\AppData\Roaming\npm-cache\zps\0.0.1\package.tgz
14 verbose folder D:\webFront\nodejs\markdown文件转换器
15 verbose addLocalTarball adding from inside cache C:\Users\Zps\AppData\Roaming\npm-cache\zps\0.0.1\package.tgz
16 verbose correctMkdir C:\Users\Zps\AppData\Roaming\npm-cache correctMkdir not in flight; initializing
17 silly cache afterAdd zps@0.0.1
18 verbose afterAdd C:\Users\Zps\AppData\Roaming\npm-cache\zps\0.0.1\package\package.json not in flight; writing
19 verbose correctMkdir C:\Users\Zps\AppData\Roaming\npm-cache correctMkdir not in flight; initializing
20 verbose afterAdd C:\Users\Zps\AppData\Roaming\npm-cache\zps\0.0.1\package\package.json written
21 silly publish { name: 'zps',
21 silly publish   version: '0.0.1',
21 silly publish   description: '一个基于终端下的markdown文件转换器',
21 silly publish   main: 'lib/index.js',
21 silly publish   scripts:
21 silly publish    { test: 'echo "Error: no test specified" && exit 1',
21 silly publish      start: 'node lib/index' },
21 silly publish   keywords: [ 'zps', 'markdown', 'transform', 'preview', 'build' ],
21 silly publish   bin: { mark: './itcast.js' },
21 silly publish   author: { name: 'zps' },
21 silly publish   license: 'ISC',
21 silly publish   dependencies:
21 silly publish    { 'browser-sync': '^2.18.13',
21 silly publish      'github-markdown-css': '^2.8.0',
21 silly publish      marked: '^0.3.6',
21 silly publish      opener: '^1.4.3' },
21 silly publish   readme: '# markdown 转换成 html 转换器\r\n\r\n ## 实现自动打开浏览器\r\n\r\n ## 实现文件变化浏览器自刷新\r\n\r\n  - browsersync 包 这是一个什么包 我也不知道 你知道什么\r\n\r\n## 命令行程序\r\n\r\n需求：想要在终端中的任何 目录执行自定义命令作为一个工具来使用\r\n\r\n1. 在`package.json`文件中加入 `bin` 字段： `bin: "命令名 执行脚本"` 例如如下：\r\n\r\n- 如果命令名称和执行的文件名不同的话 bin字段要指定成对象的形式\r\n\r\n```bash\r\n"bin":{\r\n  "test": "./itcast.js"\r\n}\r\n```\r\n\r\n- 如果命令名称和json文件的  `name` 字段相同的话 bin字段可以直接指定一个字符串\r\n\r\n```bash\r\n"bin" : "./itcast.js"\r\n``` \r\n + 那么它就相当于\r\n\r\n  ```bash\r\n  "bin": {\r\n    name : "./itcast.js"\r\n  } \r\n  ``` \r\n\r\nbin字段是一个对象 里面是键值对的形式 键表示命令名称 值表示要执行的文件路径\r\n\r\n注意：在所要执行的脚本代码中 第一行的位置加入如下内容: `#!/usr/bin/env node`\r\n\r\n2. 打开终端 执行`npm link`  \r\n\r\n3. 执行完 `npm link` 之后 npm会自动在全局包安装路径下添加一个对你当前项目的快捷方式映射 同时会自动在全局包安装目录的上一级目录生成一个`命令名.cmd` 文件\r\n\r\n  因为 *.cmd文件所属目录已经配置到环境变量中了\r\n  所以当你在执行 mark 的时候  实际上 根据环境变量找到了mark.cmd这个可执行文件\r\n\r\n  然后 mark.cmd文件是DOS脚本命令(windows上专有的脚本命令)\r\n  它内部 自动帮你去使用node执行 你锁指定的脚本路径\r\n4. 发布到 npm\r\n\r\n- `npm adduser` 命令注册\r\n\r\n- `npm publish`',
21 silly publish   readmeFilename: 'README.md',
21 silly publish   _id: 'zps@0.0.1',
21 silly publish   _shasum: 'd08b7a55b737437e9ffa015ceaafac9c5a5f6372',
21 silly publish   _from: '.' }
22 verbose getPublishConfig undefined
23 silly mapToRegistry name zps
24 silly mapToRegistry using default registry
25 silly mapToRegistry registry https://registry.npmjs.org/
26 silly mapToRegistry data Result {
26 silly mapToRegistry   raw: 'zps',
26 silly mapToRegistry   scope: null,
26 silly mapToRegistry   name: 'zps',
26 silly mapToRegistry   rawSpec: '',
26 silly mapToRegistry   spec: 'latest',
26 silly mapToRegistry   type: 'tag' }
27 silly mapToRegistry uri https://registry.npmjs.org/zps
28 verbose publish registryBase https://registry.npmjs.org/
29 silly publish uploading C:\Users\Zps\AppData\Roaming\npm-cache\zps\0.0.1\package.tgz
30 verbose request uri https://registry.npmjs.org/zps
31 verbose request sending authorization for write operation
32 info attempt registry request try #1 at 20:07:16
33 verbose request using bearer token for auth
34 verbose request id c3c267cd7d54e9d9
35 http request PUT https://registry.npmjs.org/zps
36 http 403 https://registry.npmjs.org/zps
37 verbose headers { 'content-type': 'application/json',
37 verbose headers   'cache-control': 'max-age=300',
37 verbose headers   'content-length': '104',
37 verbose headers   'accept-ranges': 'bytes',
37 verbose headers   date: 'Sun, 27 Aug 2017 12:07:18 GMT',
37 verbose headers   via: '1.1 varnish',
37 verbose headers   connection: 'keep-alive',
37 verbose headers   'x-served-by': 'cache-nrt6121-NRT',
37 verbose headers   'x-cache': 'MISS',
37 verbose headers   'x-cache-hits': '0',
37 verbose headers   'x-timer': 'S1503835638.350890,VS0,VE628',
37 verbose headers   vary: 'Accept-Encoding, Accept' }
38 verbose request invalidating C:\Users\Zps\AppData\Roaming\npm-cache\registry.npmjs.org\zps on PUT
39 error publish Failed PUT 403
40 verbose stack Error: you must verify your email before publishing a new package: https://www.npmjs.com/email-edit : zps
40 verbose stack     at makeError (C:\Program Files\nodejs\node_modules\npm\node_modules\npm-registry-client\lib\request.js:264:12)
40 verbose stack     at CachingRegistryClient.<anonymous> (C:\Program Files\nodejs\node_modules\npm\node_modules\npm-registry-client\lib\request.js:252:14)
40 verbose stack     at Request._callback (C:\Program Files\nodejs\node_modules\npm\node_modules\npm-registry-client\lib\request.js:172:14)
40 verbose stack     at Request.self.callback (C:\Program Files\nodejs\node_modules\npm\node_modules\request\request.js:200:22)
40 verbose stack     at emitTwo (events.js:106:13)
40 verbose stack     at Request.emit (events.js:191:7)
40 verbose stack     at Request.<anonymous> (C:\Program Files\nodejs\node_modules\npm\node_modules\request\request.js:1067:10)
40 verbose stack     at emitOne (events.js:101:20)
40 verbose stack     at Request.emit (events.js:188:7)
40 verbose stack     at IncomingMessage.<anonymous> (C:\Program Files\nodejs\node_modules\npm\node_modules\request\request.js:988:12)
41 verbose statusCode 403
42 verbose pkgid zps
43 verbose cwd D:\webFront\nodejs\markdown文件转换器
44 error Windows_NT 10.0.14393
45 error argv "C:\\Program Files\\nodejs\\node.exe" "C:\\Program Files\\nodejs\\node_modules\\npm\\bin\\npm-cli.js" "publish"
46 error node v6.2.0
47 error npm  v3.8.9
48 error code E403
49 error you must verify your email before publishing a new package: https://www.npmjs.com/email-edit : zps
50 error If you need help, you may report this error at:
50 error     <https://github.com/npm/npm/issues>
51 verbose exit [ 1, true ]
